[kindflow-template.webflow.io/home.html]
[backblue.gif]
[fade.gif]
[index.html]
[cdn.prod.website-files.com/66a8bc9010054ff044b7ed6b/css/kindflow-template.webflow.33ae4aea2.css]
[ajax.googleapis.com/ajax/libs/webfont/1.6.26/webfont.js]
[cdn.prod.website-files.com/66a8bc9010054ff044b7ed6b/676d2b293baaf56ad4734129_kindflow-favicon.png]
[kindflow-template.webflow.io/volunteers.html]
[kindflow-template.webflow.io/about-2.html]
[kindflow-template.webflow.io/causes.html]
[kindflow-template.webflow.io/events.html]
[kindflow-template.webflow.io/fundraise.html]
[kindflow-template.webflow.io/donation.html]
[kindflow-template.webflow.io/blog.html]
[kindflow-template.webflow.io/contact.html]
[cdn.prod.website-files.com/66a8bc9010054ff044b7ed6b/6710ebcf526e8e587a26a0e5_banner-bg.png]
[cdn.prod.website-files.com/66a8bc9010054ff044b7ed6b/676b851b20f18c880f11e909_feature-card-1.jpg]
[cdn.prod.website-files.com/66a8bc9010054ff044b7ed6b/66aa29ba0e69338da4fd9db5_feature-card-2.jpg]
[cdn.prod.website-files.com/66a8bc9010054ff044b7ed6b/66aa2fc8b3249f85f4db96f7_about-home-1.jpg]
[kindflow-template.webflow.io/causes/providing-medical-aid-to-undeserved-areas.html]
[cdn.prod.website-files.com/66acc64ed26f531b37ee854b/66b1bd7304e48f3e20e65ff0_cases-post-4.jpg]
[kindflow-template.webflow.io/causes-category/medicine.html]
[kindflow-template.webflow.io/causes/supporting-mental-health-awareness-initiatives.html]
[cdn.prod.website-files.com/66acc64ed26f531b37ee854b/66b1bd6a24e4b7c5f23c3516_cases-post-3.jpg]
[kindflow-template.webflow.io/causes-category/foods.html]
[cdn.prod.website-files.com/66acc64ed26f531b37ee854b/66b1bd60a935eca24029322c_cases-post-2.jpg]
[kindflow-template.webflow.io/causes/fighting-hunger-with-food-distribution-drives.html]
[cdn.prod.website-files.com/66a8bc9010054ff044b7ed6b/66ab38ae177d7cf5a6d9bcab_our-cases-image-1.jpg]
[kindflow-template.webflow.io/events/community-clean-up-day.html]
[cdn.prod.website-files.com/66acc64ed26f531b37ee854b/674d374f8d4f507a7370639b_events-post-2.jpg]
[kindflow-template.webflow.io/events/hope-gala-fundraiser-event.html]
[cdn.prod.website-files.com/66acc64ed26f531b37ee854b/66b0be330961f66108450918_events-post-1.jpg]
[cdn.prod.website-files.com/66a8bc9010054ff044b7ed6b/66ab6822dbcbcf91d5f9ff1e_testimonial-1.jpg]
[cdn.prod.website-files.com/66a8bc9010054ff044b7ed6b/66ab69fdf9b9444ecd974606_testimonial-2.jpg]
[cdn.prod.website-files.com/66a8bc9010054ff044b7ed6b/6731efe8a614c399d6da7fb1_testimonial-4.jpg]
[kindflow-template.webflow.io/blog/empowering-lives-stories-of-hope-and-change.html]
[cdn.prod.website-files.com/66acc64ed26f531b37ee854b/6761523276cc59370598bea3_blog-post-feature.jpg]
[kindflow-template.webflow.io/blog-category/food-water.html]
[kindflow-template.webflow.io/blog-author/david-carter.html]
[kindflow-template.webflow.io/blog/the-role-of-partnerships-in-driving-change.html]
[cdn.prod.website-files.com/66acc64ed26f531b37ee854b/674d34c50f6418ca959813aa_blog-post-3.jpg]
[kindflow-template.webflow.io/blog-author/john-taylor.html]
[kindflow-template.webflow.io/blog/innovative-ways-to-support-local-charities.html]
[cdn.prod.website-files.com/66acc64ed26f531b37ee854b/674d3476d3dd1eefa23cb785_blog-post-2.jpg]
[kindflow-template.webflow.io/template-info/style-guide.html]
[kindflow-template.webflow.io/template-info/licenses.html]
[kindflow-template.webflow.io/401.html]
[kindflow-template.webflow.io/404.html]
[cdn.prod.website-files.com/66a8bc9010054ff044b7ed6b/6789f7c73897af73561d53e1_more-template-badge.png]
[cdn.prod.website-files.com/66a8bc9010054ff044b7ed6b/6789f7cd80f2ad2dcc6fdd61_buy-template-badge.png]
[kindflow-template.webflow.io/home.html]
[d3e54v103j8qbb.cloudfront.net/js/jquery-3.5.1.min.dc5e7f18c88568.js]
[cdn.prod.website-files.com/66a8bc9010054ff044b7ed6b/js/webflow.e31069727cf82cf68055a06abda6d8dc.js]
[cdn.prod.website-files.com/66a8bc9010054ff044b7ed6b/66aa2c9322d42f54a86c6d08_feature-card-3-bg.jpg]
[cdn.prod.website-files.com/66a8bc9010054ff044b7ed6b/66ab7d3afa236340d9e6f1c6_video-bg.jpg]
[cdn.prod.website-files.com/66a8bc9010054ff044b7ed6b/66ab57b181f9484bb74650df_video-cta-bg.png]
[cdn.prod.website-files.com/66a8bc9010054ff044b7ed6b/66ab641502bb6b59902ee21e_events-card-bg.jpg]
[cdn.prod.website-files.com/66a8bc9010054ff044b7ed6b/66ac7f7125e658bf49938938_video-cta.jpg]
[cdn.prod.website-files.com/66a8bc9010054ff044b7ed6b/66b20fc8675acb75992dfa57_blog-cta-bg.png]
[cdn.prod.website-files.com/66a8bc9010054ff044b7ed6b/66b1f1020a97d6a536d8953c_cases-cta-bg.jpg]
[cdn.prod.website-files.com/66a8bc9010054ff044b7ed6b/678b2d8c3098b1bb53ca4571_figma-bg.png]
[cdn.prod.website-files.com/66a8bc9010054ff044b7ed6b/678b2d8c3098b1bb53ca4568_font-bg.png]
[cdn.prod.website-files.com/66a8bc9010054ff044b7ed6b/678b2d8c3098b1bb53ca456b_icon-bg.png]
[cdn.prod.website-files.com/66a8bc9010054ff044b7ed6b/css/kindflow-template.webflow.33ae4aea2.css]
[cdn.prod.website-files.com/66a8bc9010054ff044b7ed6b/66ab8662501fe03af8b29ac0_team-post-1.jpg]
[cdn.prod.website-files.com/66a8bc9010054ff044b7ed6b/66b0c80fe199c80d0b1bd3e8_team-post-4.jpg]
[cdn.prod.website-files.com/66a8bc9010054ff044b7ed6b/66ac7e5c575a5e8968d1c8d6_team-post-2.jpg]
[cdn.prod.website-files.com/66a8bc9010054ff044b7ed6b/676d23cfed2ae13fa1bc6f7c_team-post-3.jpg]
[cdn.prod.website-files.com/66a8bc9010054ff044b7ed6b/66b0c80fd6596a045dd74a03_team-post-6.jpg]
[cdn.prod.website-files.com/66a8bc9010054ff044b7ed6b/66b0c80fde349a1cb25ee2f2_team-post-5.jpg]
[kindflow-template.webflow.io/volunteers.html]
[cdn.prod.website-files.com/66a8bc9010054ff044b7ed6b/66ab7d3bd46446830674c70f_about-1.jpg]
[cdn.prod.website-files.com/66a8bc9010054ff044b7ed6b/66ab836b4c5dbbf88872233e_misson-author.jpg]
[kindflow-template.webflow.io/about-2.html]
[kindflow-template.webflow.io/events/annual-giving-drive-kickoff.html]
[cdn.prod.website-files.com/66acc64ed26f531b37ee854b/66b0be91f2c9dd4b8d38e0fc_events-post-5.jpg]
[kindflow-template.webflow.io/events.html]
[kindflow-template.webflow.io/eventse72a.html]
[kindflow-template.webflow.io/causes/providing-clean-water-to-remote-villages.html]
[cdn.prod.website-files.com/66acc64ed26f531b37ee854b/66b1bd53121fb50870c87cc9_cases-post-1.jpg]
[kindflow-template.webflow.io/causes/offering-scholarships-to-deserving-students.html]
[cdn.prod.website-files.com/66acc64ed26f531b37ee854b/674d46c89174d5dc8751cb87_cases-post-7.jpg]
[cdn.prod.website-files.com/66acc64ed26f531b37ee854b/66b1bd88db3606c9a8653350_cases-post-6.jpg]
[kindflow-template.webflow.io/causes/supporting-the-homeless-with-safe-shelters.html]
[kindflow-template.webflow.io/causes/providing-disaster-relief-to-affected-areas.html]
[cdn.prod.website-files.com/66acc64ed26f531b37ee854b/66b1bd7c984a25fc2474125b_cases-post-5.jpg]
[kindflow-template.webflow.io/causes.html]
[cdn.prod.website-files.com/66a8bc9010054ff044b7ed6b/66b208d043fa826aa678cd45_fundraise-service-1.jpg]
[cdn.prod.website-files.com/66a8bc9010054ff044b7ed6b/676935e1f5ad01a1cf82181e_fundraise-service-2.jpg]
[cdn.prod.website-files.com/66a8bc9010054ff044b7ed6b/676935e0e300fe3c5cc9c9c5_fundraise-service-3.jpg]
[cdn.prod.website-files.com/66a8bc9010054ff044b7ed6b/66b208d0f1f57daf0d89b8f9_fundraise-service-4.jpg]
[cdn.prod.website-files.com/66a8bc9010054ff044b7ed6b/676935e1da9d6b14158361b3_fundraise-service-5.jpg]
[cdn.prod.website-files.com/66a8bc9010054ff044b7ed6b/676d219864ffa788c008abbe_fundraise-service-6.jpg]
[kindflow-template.webflow.io/fundraise.html]
[kindflow-template.webflow.io/donation.html]
[kindflow-template.webflow.io/blog/measuring-the-success-of-charity-efforts.html]
[cdn.prod.website-files.com/66acc64ed26f531b37ee854b/674d347082b0944018e18ddf_blog-post-1.jpg]
[kindflow-template.webflow.io/blog-category/humanity.html]
[kindflow-template.webflow.io/blog-author/emily-klassan.html]
[kindflow-template.webflow.io/blog/fighting-hunger-through-sustainable-farming.html]
[cdn.prod.website-files.com/66acc64ed26f531b37ee854b/674d34e0cc4715837b403fb5_blog-post-5.jpg]
[kindflow-template.webflow.io/blog/how-small-kind-acts-create-big-change.html]
[cdn.prod.website-files.com/66acc64ed26f531b37ee854b/674d34d593c0b1a11fdea25e_blog-post-4.jpg]
[kindflow-template.webflow.io/blog/mental-health-support-for-vulnerable-groups.html]
[cdn.prod.website-files.com/66acc64ed26f531b37ee854b/674d34eb6065de51d0314fbc_blog-post-6.jpg]
[kindflow-template.webflow.io/blog.html]
[kindflow-template.webflow.io/contact.html]
[cdn.prod.website-files.com/66acc64ed26f531b37ee854b/6768f7bac0872f46d7e49a01_cases-single-4.jpg]
[kindflow-template.webflow.io/causes-member/hannah-walker.html]
[cdn.prod.website-files.com/66acc64ed26f531b37ee854b/6768f89b12575cd29719bc81_cases-member-2.jpg]
[kindflow-template.webflow.io/causes-tags/health.html]
[kindflow-template.webflow.io/causes-tags/kids.html]
[kindflow-template.webflow.io/causes-tags/water.html]
[kindflow-template.webflow.io/causes-tags/fundraising.html]
[kindflow-template.webflow.io/causes/providing-medical-aid-to-undeserved-areas.html]
[kindflow-template.webflow.io/causes-category/medicine.html]
[kindflow-template.webflow.io/causes-tags/education.html]
[cdn.prod.website-files.com/66acc64ed26f531b37ee854b/6768f7b3c7b0baf96a197086_cases-single-3.jpg]
[kindflow-template.webflow.io/causes-member/john-terry.html]
[cdn.prod.website-files.com/66acc64ed26f531b37ee854b/6768f893ee1c0fbcc6746626_cases-member-1.jpg]
[kindflow-template.webflow.io/causes/supporting-mental-health-awareness-initiatives.html]
[kindflow-template.webflow.io/causes-category/foods.html]
[cdn.prod.website-files.com/66acc64ed26f531b37ee854b/6768f7a8e053d3e9512e1480_cases-single-2.jpg]
[kindflow-template.webflow.io/causes/fighting-hunger-with-food-distribution-drives.html]
[cdn.prod.website-files.com/66acc64ed26f531b37ee854b/674d375293c0b1a11fe05f10_events-single-2.jpg]
[kindflow-template.webflow.io/events/community-clean-up-day.html]
[cdn.prod.website-files.com/66acc64ed26f531b37ee854b/67614513bdcc454baec2641a_events-single-1.jpg]
[kindflow-template.webflow.io/events/hope-gala-fundraiser-event.html]
[cdn.prod.website-files.com/66acc64ed26f531b37ee854b/6761523536e4409fb48ab27c_blog-post-single-feature.jpg]
[cdn.prod.website-files.com/66acc64ed26f531b37ee854b/66accca644842e4e3ab15787_66accc82642fcc4b6571d006_blog-summary.jpg]
[cdn.prod.website-files.com/66acc64ed26f531b37ee854b/66b1bae6df83d42a0a58fcc6_blog-author-2.jpg]
[kindflow-template.webflow.io/blog/empowering-lives-stories-of-hope-and-change.html]
[kindflow-template.webflow.io/blog-category/food-water.html]
[kindflow-template.webflow.io/blog-author/david-carter.html]
[cdn.prod.website-files.com/66acc64ed26f531b37ee854b/674d34ca247ce92ee2dc051f_blog-post-single-3.jpg]
[cdn.prod.website-files.com/66acc64ed26f531b37ee854b/66b1baf4d8d2c551e75c2c4a_blog-author-3.jpg]
[kindflow-template.webflow.io/blog/the-role-of-partnerships-in-driving-change.html]
[kindflow-template.webflow.io/blog-author/john-taylor.html]
[cdn.prod.website-files.com/66acc64ed26f531b37ee854b/674d347a82b0944018e19695_blog-post-single-2.jpg]
[kindflow-template.webflow.io/blog/innovative-ways-to-support-local-charities.html]
[kindflow-template.webflow.io/template-info/style-guide.html]
[kindflow-template.webflow.io/template-info/licenses.html]
[kindflow-template.webflow.io/401.html]
[kindflow-template.webflow.io/404.html]
[cdn.prod.website-files.com/66acc64ed26f531b37ee854b/66b0be947f572ed367cf1222_events-single-5.jpg]
[kindflow-template.webflow.io/events/annual-giving-drive-kickoff.html]
[kindflow-template.webflow.io/events/volunteer-appreciation-picnic.html]
[cdn.prod.website-files.com/66acc64ed26f531b37ee854b/66b0be7df87db3a819cfaf88_events-post-4.jpg]
[kindflow-template.webflow.io/events/charity-auction-evening-bash.html]
[cdn.prod.website-files.com/66acc64ed26f531b37ee854b/674d3759ac5ecd7ae1d2fdab_events-post-3.jpg]
[kindflow-template.webflow.io/eventse72a.html]
[cdn.prod.website-files.com/66acc64ed26f531b37ee854b/6768f79e4380e63768c77b92_cases-single-1.jpg]
[kindflow-template.webflow.io/causes/providing-clean-water-to-remote-villages.html]
[cdn.prod.website-files.com/66acc64ed26f531b37ee854b/6768f81dc6390df74c5809cf_cases-single-7.jpg]
[cdn.prod.website-files.com/66acc64ed26f531b37ee854b/6768f8a45eb1ad80d44b532b_cases-member-3.jpg]
[kindflow-template.webflow.io/causes/offering-scholarships-to-deserving-students.html]
[cdn.prod.website-files.com/66acc64ed26f531b37ee854b/6768f7c8af10ccd3bb039dc0_cases-single-6.jpg]
[kindflow-template.webflow.io/causes/supporting-the-homeless-with-safe-shelters.html]
[cdn.prod.website-files.com/66acc64ed26f531b37ee854b/6768f7c18b86ecee59a5a9d3_cases-single-5.jpg]
[kindflow-template.webflow.io/causes/providing-disaster-relief-to-affected-areas.html]
[cdn.prod.website-files.com/66acc64ed26f531b37ee854b/674d34597e862e99355f2175_blog-post-single-1.jpg]
[cdn.prod.website-files.com/66acc64ed26f531b37ee854b/6731f108fea510edd5a23b89_blog-author-1.jpg]
[kindflow-template.webflow.io/blog/measuring-the-success-of-charity-efforts.html]
[kindflow-template.webflow.io/blog-category/humanity.html]
[kindflow-template.webflow.io/blog-author/emily-klassan.html]
[cdn.prod.website-files.com/66acc64ed26f531b37ee854b/674d34e46f74687681777ede_blog-post-single-5.jpg]
[kindflow-template.webflow.io/blog/fighting-hunger-through-sustainable-farming.html]
[cdn.prod.website-files.com/66acc64ed26f531b37ee854b/674d34d89f7362c76786f9a0_blog-post-single-4.jpg]
[kindflow-template.webflow.io/blog/how-small-kind-acts-create-big-change.html]
[cdn.prod.website-files.com/66acc64ed26f531b37ee854b/674d34fb51520bc1b0dd3d41_blog-post-single-6.jpg]
[kindflow-template.webflow.io/blog/mental-health-support-for-vulnerable-groups.html]
[kindflow-template.webflow.io/causes-member/hannah-walker.html]
[kindflow-template.webflow.io/causes-tags/health.html]
[kindflow-template.webflow.io/causes-tags/kids.html]
[kindflow-template.webflow.io/causes-tags/water.html]
[kindflow-template.webflow.io/causes-tags/fundraising.html]
[kindflow-template.webflow.io/causes-tags/education.html]
[kindflow-template.webflow.io/causes-member/john-terry.html]
[cdn.prod.website-files.com/66acc64ed26f531b37ee854b/66b0be8022f87b13bdef5f6f_events-single-4.jpg]
[kindflow-template.webflow.io/events/volunteer-appreciation-picnic.html]
[cdn.prod.website-files.com/66acc64ed26f531b37ee854b/674d375c5ee921924ac4fcb5_events-single-3.jpg]
[kindflow-template.webflow.io/events/charity-auction-evening-bash.html]
[kindflow-template.webflow.io/causes-category/education.html]
[kindflow-template.webflow.io/blog-category/innovation.html]
[kindflow-template.webflow.io/template-info/changelog.html]
[kindflow-template.webflow.io/events9c41.html]
[kindflow-template.webflow.io/causes-member/kevin-brooks.html]
